[LOG] System::create                           : Header version = 2.01.05. Current version = 2.01.05.
[LOG] Manager::init                            : maxchannels = 256 studioflags = 00000006 flags 00000000 extradriverdata 0000000000000000.
[LOG] SystemI::init                            : Initialize version=20105 (112138), maxchannels=256, flags=0x00020000
[LOG] SystemI::setOutputInternal               : Setting output to 'FMOD WASAPI Output'
[LOG] OutputWASAPI::init                       : Mix Format (WAVEFORMATEX): wFormatTag=0xFFFE, nChannels=2, nSamplesPerSec=48000, nAvgBytesPerSec=384000, nBlockAlign=8, wBitsPerSample=32, cbSize=22.
[LOG] OutputWASAPI::init                       : Mix Format (WAVEFORMATEXTENSIBLE): wValidBitsPerSample=32, dwChannelMask=0x00000003, SubFormat=00000003-0000-0010-8000-00AA00389B71.
[LOG] OutputWASAPI::init                       : Output buffer size: 4096 samples, latency: 0.00ms, period: 10.00ms, DSP buffer: 1024 * 4
[LOG] Thread::initThread                       : Init FMOD stream thread. Affinity: 0x8000000000000003, Priority: 0xFFFF7FFB, Stack Size: 98304, Semaphore: No, Sleep Time: 10, Looping: Yes.
[LOG] Thread::initThread                       : Init FMOD mixer thread. Affinity: 0x8000000000000001, Priority: 0xFFFF7FFA, Stack Size: 81920, Semaphore: No, Sleep Time: 0, Looping: Yes.
[LOG] AsyncManager::init                       : manager 000001AA27C46048 isAsync 0 updatePeriod 0.02
[LOG] AsyncManager::init                       : done
[LOG] PlaybackSystem::init                     : 
[LOG] Thread::initThread                       : Init FMOD Studio sample load thread. Affinity: 0x8000000000000003, Priority: 0xFFFF7FFD, Stack Size: 98304, Semaphore: No, Sleep Time: 1, Looping: No.
[LOG] PlaybackSystem::init                     : done
[LOG] Thread::initThread                       : Init FMOD Studio bank load thread. Affinity: 0x8000000000000003, Priority: 0xFFFF7FFD, Stack Size: 98304, Semaphore: No, Sleep Time: 1, Looping: No.
[LOG] Manager::init                            : done.
[LOG] Manager::readBank                        : fileversion = 132, compatVersion = 132 (oldest = 44, newest = 135)
[LOG] SystemI::createSoundInternal             : Create name='', mode=0x02000202
[LOG] SystemI::createSoundInternal             : exinfo->cbsize             = 224
[LOG] SystemI::createSoundInternal             : exinfo->length             = 15920640
[LOG] SystemI::createSoundInternal             : exinfo->fileoffset         = 39552
[LOG] SystemI::createSoundInternal             : exinfo->numsubsounds       = 1
[LOG] SystemI::createSoundInternal             : exinfo->inclusionlist      = 0000006F2AA9F318
[LOG] SystemI::createSoundInternal             : exinfo->inclusionlistnum   = 1
[LOG] SystemI::createSoundInternal             : exinfo->suggestedsoundtype = 5
[LOG] SystemI::createSoundInternal             : exinfo->useropen           = 00007FFF98627E30
[LOG] SystemI::createSoundInternal             : exinfo->userclose          = 00007FFF98627E00
[LOG] SystemI::createSoundInternal             : exinfo->userread           = 00007FFF98627F00
[LOG] SystemI::createSoundInternal             : exinfo->userseek           = 00007FFF98627FC0
[LOG] SystemI::createSoundInternal             : exinfo->fileuserdata       = 000001A9FF015F98
[LOG] SystemI::createSoundInternal             : exinfo->initialseekpostype = 1
[LOG] SystemI::DSPCodecPoolRegister            : register codec pool for pool type 5
[LOG] SystemI::createSoundInternal             : Sample 0/1: name='Bass Only - Long-112_20210218_Adventures_WackyMusic-STEMS - Trimmed', format=5, channels=2, frequency=48000, lengthbytes=185408, lengthpcm=681428, pcmblocksize=0, loopstart=0, loopend=0, mode=0x00000000, channelmask=0x00000000, channelorder=0, peakvolume=0.684174.
[LOG] SystemI::createSoundInternal             : Create name='', mode=0x02000202
[LOG] SystemI::createSoundInternal             : exinfo->cbsize             = 224
[LOG] SystemI::createSoundInternal             : exinfo->length             = 15920640
[LOG] SystemI::createSoundInternal             : exinfo->fileoffset         = 39552
[LOG] SystemI::createSoundInternal             : exinfo->numsubsounds       = 1
[LOG] SystemI::createSoundInternal             : exinfo->inclusionlist      = 0000006F2AA9F318
[LOG] SystemI::createSoundInternal             : exinfo->inclusionlistnum   = 1
[LOG] SystemI::createSoundInternal             : exinfo->suggestedsoundtype = 5
[LOG] SystemI::createSoundInternal             : exinfo->useropen           = 00007FFF98627E30
[LOG] SystemI::createSoundInternal             : exinfo->userclose          = 00007FFF98627E00
[LOG] SystemI::createSoundInternal             : exinfo->userread           = 00007FFF98627F00
[LOG] SystemI::createSoundInternal             : exinfo->userseek           = 00007FFF98627FC0
[LOG] SystemI::createSoundInternal             : exinfo->fileuserdata       = 000001A9FF015F98
[LOG] SystemI::createSoundInternal             : exinfo->initialseekpostype = 1
[LOG] SystemI::DSPCodecPoolRegister            : register codec pool for pool type 5
[LOG] SystemI::createSoundInternal             : Sample 0/1: name='VI-OUT_ 8 - -112_20210218_Adventures_WackyMusic-STEMS', format=5, channels=2, frequency=48000, lengthbytes=393184, lengthpcm=2160000, pcmblocksize=0, loopstart=0, loopend=0, mode=0x00000000, channelmask=0x00000000, channelorder=0, peakvolume=0.530368.
[LOG] SystemI::createSoundInternal             : Create name='', mode=0x02000202
[LOG] SystemI::createSoundInternal             : exinfo->cbsize             = 224
[LOG] SystemI::createSoundInternal             : exinfo->length             = 15920640
[LOG] SystemI::createSoundInternal             : exinfo->fileoffset         = 39552
[LOG] SystemI::createSoundInternal             : exinfo->numsubsounds       = 1
[LOG] SystemI::createSoundInternal             : exinfo->inclusionlist      = 0000006F2AA9F318
[LOG] SystemI::createSoundInternal             : exinfo->inclusionlistnum   = 1
[LOG] SystemI::createSoundInternal             : exinfo->suggestedsoundtype = 5
[LOG] SystemI::createSoundInternal             : exinfo->useropen           = 00007FFF98627E30
[LOG] SystemI::createSoundInternal             : exinfo->userclose          = 00007FFF98627E00
[LOG] SystemI::createSoundInternal             : exinfo->userread           = 00007FFF98627F00
[LOG] SystemI::createSoundInternal             : exinfo->userseek           = 00007FFF98627FC0
[LOG] SystemI::createSoundInternal             : exinfo->fileuserdata       = 000001A9FF015F98
[LOG] SystemI::createSoundInternal             : exinfo->initialseekpostype = 1
[LOG] SystemI::DSPCodecPoolRegister            : register codec pool for pool type 5
[LOG] SystemI::createSoundInternal             : Sample 0/1: name='VI-OUT_ 7 - Horns-112_20210218_Adventures_WackyMusic-STEMS', format=5, channels=2, frequency=48000, lengthbytes=598496, lengthpcm=2160000, pcmblocksize=0, loopstart=0, loopend=0, mode=0x00000000, channelmask=0x00000000, channelorder=0, peakvolume=0.794437.
[LOG] SystemI::createSoundInternal             : Create name='', mode=0x02000202
[LOG] SystemI::createSoundInternal             : exinfo->cbsize             = 224
[LOG] SystemI::createSoundInternal             : exinfo->length             = 15920640
[LOG] SystemI::createSoundInternal             : exinfo->fileoffset         = 39552
[LOG] SystemI::createSoundInternal             : exinfo->numsubsounds       = 1
[LOG] SystemI::createSoundInternal             : exinfo->inclusionlist      = 0000006F2AA9F318
[LOG] SystemI::createSoundInternal             : exinfo->inclusionlistnum   = 1
[LOG] SystemI::createSoundInternal             : exinfo->suggestedsoundtype = 5
[LOG] SystemI::createSoundInternal             : exinfo->useropen           = 00007FFF98627E30
[LOG] SystemI::createSoundInternal             : exinfo->userclose          = 00007FFF98627E00
[LOG] SystemI::createSoundInternal             : exinfo->userread           = 00007FFF98627F00
[LOG] SystemI::createSoundInternal             : exinfo->userseek           = 00007FFF98627FC0
[LOG] SystemI::createSoundInternal             : exinfo->fileuserdata       = 000001A9FF015F98
[LOG] SystemI::createSoundInternal             : exinfo->initialseekpostype = 1
[LOG] SystemI::DSPCodecPoolRegister            : register codec pool for pool type 5
[LOG] SystemI::createSoundInternal             : Sample 0/1: name='Drums-112bpm_20210218_Adventures_WackyMusic-STEMS', format=5, channels=2, frequency=48000, lengthbytes=643616, lengthpcm=2160000, pcmblocksize=0, loopstart=0, loopend=0, mode=0x00000000, channelmask=0x00000000, channelorder=0, peakvolume=0.933254.
[LOG] SystemI::createSoundInternal             : Create name='', mode=0x02000202
[LOG] SystemI::createSoundInternal             : exinfo->cbsize             = 224
[LOG] SystemI::createSoundInternal             : exinfo->length             = 15920640
[LOG] SystemI::createSoundInternal             : exinfo->fileoffset         = 39552
[LOG] SystemI::createSoundInternal             : exinfo->numsubsounds       = 1
[LOG] SystemI::createSoundInternal             : exinfo->inclusionlist      = 0000006F2AA9F318
[LOG] SystemI::createSoundInternal             : exinfo->inclusionlistnum   = 1
[LOG] SystemI::createSoundInternal             : exinfo->suggestedsoundtype = 5
[LOG] SystemI::createSoundInternal             : exinfo->useropen           = 00007FFF98627E30
[LOG] SystemI::createSoundInternal             : exinfo->userclose          = 00007FFF98627E00
[LOG] SystemI::createSoundInternal             : exinfo->userread           = 00007FFF98627F00
[LOG] SystemI::createSoundInternal             : exinfo->userseek           = 00007FFF98627FC0
[LOG] SystemI::createSoundInternal             : exinfo->fileuserdata       = 000001A9FF015F98
[LOG] SystemI::createSoundInternal             : exinfo->initialseekpostype = 1
[LOG] SystemI::DSPCodecPoolRegister            : register codec pool for pool type 5
[LOG] SystemI::createSoundInternal             : Sample 0/1: name='VI-OUT_ 3 - Banjo-112_20210218_Adventures_WackyMusic-STEMS', format=5, channels=2, frequency=48000, lengthbytes=415392, lengthpcm=2160000, pcmblocksize=0, loopstart=0, loopend=0, mode=0x00000000, channelmask=0x00000000, channelorder=0, peakvolume=0.854401.
[LOG] SystemI::createSoundInternal             : Create name='', mode=0x02000202
[LOG] SystemI::createSoundInternal             : exinfo->cbsize             = 224
[LOG] SystemI::createSoundInternal             : exinfo->length             = 15920640
[LOG] SystemI::createSoundInternal             : exinfo->fileoffset         = 39552
[LOG] SystemI::createSoundInternal             : exinfo->numsubsounds       = 1
[LOG] SystemI::createSoundInternal             : exinfo->inclusionlist      = 0000006F2AA9F318
[LOG] SystemI::createSoundInternal             : exinfo->inclusionlistnum   = 1
[LOG] SystemI::createSoundInternal             : exinfo->suggestedsoundtype = 5
[LOG] SystemI::createSoundInternal             : exinfo->useropen           = 00007FFF98627E30
[LOG] SystemI::createSoundInternal             : exinfo->userclose          = 00007FFF98627E00
[LOG] SystemI::createSoundInternal             : exinfo->userread           = 00007FFF98627F00
[LOG] SystemI::createSoundInternal             : exinfo->userseek           = 00007FFF98627FC0
[LOG] SystemI::createSoundInternal             : exinfo->fileuserdata       = 000001A9FF015F98
[LOG] SystemI::createSoundInternal             : exinfo->initialseekpostype = 1
[LOG] SystemI::DSPCodecPoolRegister            : register codec pool for pool type 5
[LOG] SystemI::createSoundInternal             : Sample 0/1: name='VI-OUT_ 11 - Drum Dupl-112_20210218_Adventures_WackyMusic-STEMS', format=5, channels=2, frequency=48000, lengthbytes=523648, lengthpcm=2160000, pcmblocksize=0, loopstart=0, loopend=0, mode=0x00000000, channelmask=0x00000000, channelorder=0, peakvolume=0.521978.
[LOG] SystemI::createSoundInternal             : Create name='', mode=0x02000202
[LOG] SystemI::createSoundInternal             : exinfo->cbsize             = 224
[LOG] SystemI::createSoundInternal             : exinfo->length             = 15920640
[LOG] SystemI::createSoundInternal             : exinfo->fileoffset         = 39552
[LOG] SystemI::createSoundInternal             : exinfo->numsubsounds       = 1
[LOG] SystemI::createSoundInternal             : exinfo->inclusionlist      = 0000006F2AA9F318
[LOG] SystemI::createSoundInternal             : exinfo->inclusionlistnum   = 1
[LOG] SystemI::createSoundInternal             : exinfo->suggestedsoundtype = 5
[LOG] SystemI::createSoundInternal             : exinfo->useropen           = 00007FFF98627E30
[LOG] SystemI::createSoundInternal             : exinfo->userclose          = 00007FFF98627E00
[LOG] SystemI::createSoundInternal             : exinfo->userread           = 00007FFF98627F00
[LOG] SystemI::createSoundInternal             : exinfo->userseek           = 00007FFF98627FC0
[LOG] SystemI::createSoundInternal             : exinfo->fileuserdata       = 000001A9FF015F98
[LOG] SystemI::createSoundInternal             : exinfo->initialseekpostype = 1
[LOG] SystemI::DSPCodecPoolRegister            : register codec pool for pool type 5
[LOG] SystemI::createSoundInternal             : Sample 0/1: name='Guitar-112bpm_20210218_Adventures_WackyMusic-STEMS', format=5, channels=2, frequency=48000, lengthbytes=628448, lengthpcm=2160000, pcmblocksize=0, loopstart=0, loopend=0, mode=0x00000000, channelmask=0x00000000, channelorder=0, peakvolume=0.932175.
[LOG] SystemI::createSoundInternal             : Create name='', mode=0x02000202
[LOG] SystemI::createSoundInternal             : exinfo->cbsize             = 224
[LOG] SystemI::createSoundInternal             : exinfo->length             = 15920640
[LOG] SystemI::createSoundInternal             : exinfo->fileoffset         = 39552
[LOG] SystemI::createSoundInternal             : exinfo->numsubsounds       = 1
[LOG] SystemI::createSoundInternal             : exinfo->inclusionlist      = 0000006F2AA9F318
[LOG] SystemI::createSoundInternal             : exinfo->inclusionlistnum   = 1
[LOG] SystemI::createSoundInternal             : exinfo->suggestedsoundtype = 5
[LOG] SystemI::createSoundInternal             : exinfo->useropen           = 00007FFF98627E30
[LOG] SystemI::createSoundInternal             : exinfo->userclose          = 00007FFF98627E00
[LOG] SystemI::createSoundInternal             : exinfo->userread           = 00007FFF98627F00
[LOG] SystemI::createSoundInternal             : exinfo->userseek           = 00007FFF98627FC0
[LOG] SystemI::createSoundInternal             : exinfo->fileuserdata       = 000001A9FF015F98
[LOG] SystemI::createSoundInternal             : exinfo->initialseekpostype = 1
[LOG] SystemI::DSPCodecPoolRegister            : register codec pool for pool type 5
[LOG] SystemI::createSoundInternal             : Sample 0/1: name='VI-OUT_ 2 - Bass-112_20210218_Adventures_WackyMusic-STEMS', format=5, channels=2, frequency=48000, lengthbytes=350848, lengthpcm=2160000, pcmblocksize=0, loopstart=0, loopend=0, mode=0x00000000, channelmask=0x00000000, channelorder=0, peakvolume=0.217308.
[LOG] SystemI::createSoundInternal             : Create name='', mode=0x02000202
[LOG] SystemI::createSoundInternal             : exinfo->cbsize             = 224
[LOG] SystemI::createSoundInternal             : exinfo->length             = 15920640
[LOG] SystemI::createSoundInternal             : exinfo->fileoffset         = 39552
[LOG] SystemI::createSoundInternal             : exinfo->numsubsounds       = 1
[LOG] SystemI::createSoundInternal             : exinfo->inclusionlist      = 0000006F2AA9F318
[LOG] SystemI::createSoundInternal             : exinfo->inclusionlistnum   = 1
[LOG] SystemI::createSoundInternal             : exinfo->suggestedsoundtype = 5
[LOG] SystemI::createSoundInternal             : exinfo->useropen           = 00007FFF98627E30
[LOG] SystemI::createSoundInternal             : exinfo->userclose          = 00007FFF98627E00
[LOG] SystemI::createSoundInternal             : exinfo->userread           = 00007FFF98627F00
[LOG] SystemI::createSoundInternal             : exinfo->userseek           = 00007FFF98627FC0
[LOG] SystemI::createSoundInternal             : exinfo->fileuserdata       = 000001A9FF015F98
[LOG] SystemI::createSoundInternal             : exinfo->initialseekpostype = 1
[LOG] SystemI::DSPCodecPoolRegister            : register codec pool for pool type 5
[LOG] SystemI::createSoundInternal             : Sample 0/1: name='OUT_ Microfreak-112_20210218_Adventures_WackyMusic-STEMS-002', format=5, channels=2, frequency=48000, lengthbytes=442624, lengthpcm=2160000, pcmblocksize=0, loopstart=0, loopend=0, mode=0x00000000, channelmask=0x00000000, channelorder=0, peakvolume=0.933254.
[LOG] SystemI::createSoundInternal             : Create name='', mode=0x02000202
[LOG] SystemI::createSoundInternal             : exinfo->cbsize             = 224
[LOG] SystemI::createSoundInternal             : exinfo->length             = 15920640
[LOG] SystemI::createSoundInternal             : exinfo->fileoffset         = 39552
[LOG] SystemI::createSoundInternal             : exinfo->numsubsounds       = 1
[LOG] SystemI::createSoundInternal             : exinfo->inclusionlist      = 0000006F2AA9F318
[LOG] SystemI::createSoundInternal             : exinfo->inclusionlistnum   = 1
[LOG] SystemI::createSoundInternal             : exinfo->suggestedsoundtype = 5
[LOG] SystemI::createSoundInternal             : exinfo->useropen           = 00007FFF98627E30
[LOG] SystemI::createSoundInternal             : exinfo->userclose          = 00007FFF98627E00
[LOG] SystemI::createSoundInternal             : exinfo->userread           = 00007FFF98627F00
[LOG] SystemI::createSoundInternal             : exinfo->userseek           = 00007FFF98627FC0
[LOG] SystemI::createSoundInternal             : exinfo->fileuserdata       = 000001A9FF015F98
[LOG] SystemI::createSoundInternal             : exinfo->initialseekpostype = 1
[LOG] SystemI::DSPCodecPoolRegister            : register codec pool for pool type 5
[LOG] SystemI::createSoundInternal             : Sample 0/1: name='VI-OUT_ 9 - Upright bass-112_20210218_Adventures_WackyMusic-STEMS', format=5, channels=2, frequency=48000, lengthbytes=392928, lengthpcm=2160000, pcmblocksize=0, loopstart=0, loopend=0, mode=0x00000000, channelmask=0x00000000, channelorder=0, peakvolume=0.503377.
[LOG] SystemI::createSoundInternal             : Create name='', mode=0x02000202
[LOG] SystemI::createSoundInternal             : exinfo->cbsize             = 224
[LOG] SystemI::createSoundInternal             : exinfo->length             = 15920640
[LOG] SystemI::createSoundInternal             : exinfo->fileoffset         = 39552
[LOG] SystemI::createSoundInternal             : exinfo->numsubsounds       = 1
[LOG] SystemI::createSoundInternal             : exinfo->inclusionlist      = 0000006F2AA9F318
[LOG] SystemI::createSoundInternal             : exinfo->inclusionlistnum   = 1
[LOG] SystemI::createSoundInternal             : exinfo->suggestedsoundtype = 5
[LOG] SystemI::createSoundInternal             : exinfo->useropen           = 00007FFF98627E30
[LOG] SystemI::createSoundInternal             : exinfo->userclose          = 00007FFF98627E00
[LOG] SystemI::createSoundInternal             : exinfo->userread           = 00007FFF98627F00
[LOG] SystemI::createSoundInternal             : exinfo->userseek           = 00007FFF98627FC0
[LOG] SystemI::createSoundInternal             : exinfo->fileuserdata       = 000001A9FF015F98
[LOG] SystemI::createSoundInternal             : exinfo->initialseekpostype = 1
[LOG] SystemI::DSPCodecPoolRegister            : register codec pool for pool type 5
[LOG] SystemI::createSoundInternal             : Sample 0/1: name='OUT_ Microfreak-112_20210218_Adventures_WackyMusic-STEMS-001', format=5, channels=2, frequency=48000, lengthbytes=248192, lengthpcm=2160000, pcmblocksize=0, loopstart=0, loopend=0, mode=0x00000000, channelmask=0x00000000, channelorder=0, peakvolume=0.533849.
[LOG] SystemI::createSoundInternal             : Create name='', mode=0x02000202
[LOG] SystemI::createSoundInternal             : exinfo->cbsize             = 224
[LOG] SystemI::createSoundInternal             : exinfo->length             = 15920640
[LOG] SystemI::createSoundInternal             : exinfo->fileoffset         = 39552
[LOG] SystemI::createSoundInternal             : exinfo->numsubsounds       = 1
[LOG] SystemI::createSoundInternal             : exinfo->inclusionlist      = 0000006F2AA9F318
[LOG] SystemI::createSoundInternal             : exinfo->inclusionlistnum   = 1
[LOG] SystemI::createSoundInternal             : exinfo->suggestedsoundtype = 5
[LOG] SystemI::createSoundInternal             : exinfo->useropen           = 00007FFF98627E30
[LOG] SystemI::createSoundInternal             : exinfo->userclose          = 00007FFF98627E00
[LOG] SystemI::createSoundInternal             : exinfo->userread           = 00007FFF98627F00
[LOG] SystemI::createSoundInternal             : exinfo->userseek           = 00007FFF98627FC0
[LOG] SystemI::createSoundInternal             : exinfo->fileuserdata       = 000001A9FF015F98
[LOG] SystemI::createSoundInternal             : exinfo->initialseekpostype = 1
[LOG] SystemI::DSPCodecPoolRegister            : register codec pool for pool type 5
[LOG] SystemI::createSoundInternal             : Sample 0/1: name='VI-OUT_ 1 - Drum Set-112_20210218_Adventures_WackyMusic-STEMS', format=5, channels=2, frequency=48000, lengthbytes=110304, lengthpcm=2160000, pcmblocksize=0, loopstart=0, loopend=0, mode=0x00000000, channelmask=0x00000000, channelorder=0, peakvolume=0.159945.
[LOG] SystemI::createSoundInternal             : Create name='', mode=0x02000202
[LOG] SystemI::createSoundInternal             : exinfo->cbsize             = 224
[LOG] SystemI::createSoundInternal             : exinfo->length             = 15920640
[LOG] SystemI::createSoundInternal             : exinfo->fileoffset         = 39552
[LOG] SystemI::createSoundInternal             : exinfo->numsubsounds       = 1
[LOG] SystemI::createSoundInternal             : exinfo->inclusionlist      = 0000006F2AA9F318
[LOG] SystemI::createSoundInternal             : exinfo->inclusionlistnum   = 1
[LOG] SystemI::createSoundInternal             : exinfo->suggestedsoundtype = 5
[LOG] SystemI::createSoundInternal             : exinfo->useropen           = 00007FFF98627E30
[LOG] SystemI::createSoundInternal             : exinfo->userclose          = 00007FFF98627E00
[LOG] SystemI::createSoundInternal             : exinfo->userread           = 00007FFF98627F00
[LOG] SystemI::createSoundInternal             : exinfo->userseek           = 00007FFF98627FC0
[LOG] SystemI::createSoundInternal             : exinfo->fileuserdata       = 000001A9FF015F98
[LOG] SystemI::createSoundInternal             : exinfo->initialseekpostype = 1
[LOG] SystemI::DSPCodecPoolRegister            : register codec pool for pool type 5
[LOG] SystemI::createSoundInternal             : Sample 0/1: name='VI-OUT_ 4 - Perc-112_20210218_Adventures_WackyMusic-STEMS', format=5, channels=2, frequency=48000, lengthbytes=564576, lengthpcm=2160000, pcmblocksize=0, loopstart=0, loopend=0, mode=0x00000000, channelmask=0x00000000, channelorder=0, peakvolume=0.933254.
[LOG] SystemI::createSoundInternal             : Create name='', mode=0x02000202
[LOG] SystemI::createSoundInternal             : exinfo->cbsize             = 224
[LOG] SystemI::createSoundInternal             : exinfo->length             = 15920640
[LOG] SystemI::createSoundInternal             : exinfo->fileoffset         = 39552
[LOG] SystemI::createSoundInternal             : exinfo->numsubsounds       = 1
[LOG] SystemI::createSoundInternal             : exinfo->inclusionlist      = 0000006F2AA9F318
[LOG] SystemI::createSoundInternal             : exinfo->inclusionlistnum   = 1
[LOG] SystemI::createSoundInternal             : exinfo->suggestedsoundtype = 5
[LOG] SystemI::createSoundInternal             : exinfo->useropen           = 00007FFF98627E30
[LOG] SystemI::createSoundInternal             : exinfo->userclose          = 00007FFF98627E00
[LOG] SystemI::createSoundInternal             : exinfo->userread           = 00007FFF98627F00
[LOG] SystemI::createSoundInternal             : exinfo->userseek           = 00007FFF98627FC0
[LOG] SystemI::createSoundInternal             : exinfo->fileuserdata       = 000001A9FF015F98
[LOG] SystemI::createSoundInternal             : exinfo->initialseekpostype = 1
[LOG] SystemI::DSPCodecPoolRegister            : register codec pool for pool type 5
[LOG] SystemI::createSoundInternal             : Sample 0/1: name='VI-OUT_ 9 - Upright bass-112_20210218_Adventures_WackyMusic-STEMS - Trimmed', format=5, channels=2, frequency=48000, lengthbytes=136768, lengthpcm=681428, pcmblocksize=0, loopstart=0, loopend=0, mode=0x00000000, channelmask=0x00000000, channelorder=0, peakvolume=0.500519.
[LOG] SystemI::createSoundInternal             : Create name='', mode=0x02000202
[LOG] SystemI::createSoundInternal             : exinfo->cbsize             = 224
[LOG] SystemI::createSoundInternal             : exinfo->length             = 15920640
[LOG] SystemI::createSoundInternal             : exinfo->fileoffset         = 39552
[LOG] SystemI::createSoundInternal             : exinfo->numsubsounds       = 1
[LOG] SystemI::createSoundInternal             : exinfo->inclusionlist      = 0000006F2AA9F318
[LOG] SystemI::createSoundInternal             : exinfo->inclusionlistnum   = 1
[LOG] SystemI::createSoundInternal             : exinfo->suggestedsoundtype = 5
[LOG] SystemI::createSoundInternal             : exinfo->useropen           = 00007FFF98627E30
[LOG] SystemI::createSoundInternal             : exinfo->userclose          = 00007FFF98627E00
[LOG] SystemI::createSoundInternal             : exinfo->userread           = 00007FFF98627F00
[LOG] SystemI::createSoundInternal             : exinfo->userseek           = 00007FFF98627FC0
[LOG] SystemI::createSoundInternal             : exinfo->fileuserdata       = 000001A9FF015F98
[LOG] SystemI::createSoundInternal             : exinfo->initialseekpostype = 1
[LOG] SystemI::DSPCodecPoolRegister            : register codec pool for pool type 5
[LOG] SystemI::createSoundInternal             : Sample 0/1: name='Bass-112bpm_20210218_Adventures_WackyMusic-STEMS', format=5, channels=2, frequency=48000, lengthbytes=541152, lengthpcm=2160000, pcmblocksize=0, loopstart=0, loopend=0, mode=0x00000000, channelmask=0x00000000, channelorder=0, peakvolume=0.309380.
[LOG] SystemI::createSoundInternal             : Create name='', mode=0x02000202
[LOG] SystemI::createSoundInternal             : exinfo->cbsize             = 224
[LOG] SystemI::createSoundInternal             : exinfo->length             = 15920640
[LOG] SystemI::createSoundInternal             : exinfo->fileoffset         = 39552
[LOG] SystemI::createSoundInternal             : exinfo->numsubsounds       = 1
[LOG] SystemI::createSoundInternal             : exinfo->inclusionlist      = 0000006F2AA9F318
[LOG] SystemI::createSoundInternal             : exinfo->inclusionlistnum   = 1
[LOG] SystemI::createSoundInternal             : exinfo->suggestedsoundtype = 5
[LOG] SystemI::createSoundInternal             : exinfo->useropen           = 00007FFF98627E30
[LOG] SystemI::createSoundInternal             : exinfo->userclose          = 00007FFF98627E00
[LOG] SystemI::createSoundInternal             : exinfo->userread           = 00007FFF98627F00
[LOG] SystemI::createSoundInternal             : exinfo->userseek           = 00007FFF98627FC0
[LOG] SystemI::createSoundInternal             : exinfo->fileuserdata       = 000001A9FF015F98
[LOG] SystemI::createSoundInternal             : exinfo->initialseekpostype = 1
[LOG] SystemI::DSPCodecPoolRegister            : register codec pool for pool type 5
[LOG] SystemI::createSoundInternal             : Sample 0/1: name='VI-OUT_ 10 - Cuica-112_20210218_Adventures_WackyMusic-STEMS', format=5, channels=2, frequency=48000, lengthbytes=208480, lengthpcm=2160000, pcmblocksize=0, loopstart=0, loopend=0, mode=0x00000000, channelmask=0x00000000, channelorder=0, peakvolume=0.416181.
[LOG] SystemI::createSoundInternal             : Create name='', mode=0x02000202
[LOG] SystemI::createSoundInternal             : exinfo->cbsize             = 224
[LOG] SystemI::createSoundInternal             : exinfo->length             = 15920640
[LOG] SystemI::createSoundInternal             : exinfo->fileoffset         = 39552
[LOG] SystemI::createSoundInternal             : exinfo->numsubsounds       = 1
[LOG] SystemI::createSoundInternal             : exinfo->inclusionlist      = 0000006F2AA9F318
[LOG] SystemI::createSoundInternal             : exinfo->inclusionlistnum   = 1
[LOG] SystemI::createSoundInternal             : exinfo->suggestedsoundtype = 5
[LOG] SystemI::createSoundInternal             : exinfo->useropen           = 00007FFF98627E30
[LOG] SystemI::createSoundInternal             : exinfo->userclose          = 00007FFF98627E00
[LOG] SystemI::createSoundInternal             : exinfo->userread           = 00007FFF98627F00
[LOG] SystemI::createSoundInternal             : exinfo->userseek           = 00007FFF98627FC0
[LOG] SystemI::createSoundInternal             : exinfo->fileuserdata       = 000001A9FF015F98
[LOG] SystemI::createSoundInternal             : exinfo->initialseekpostype = 1
[LOG] SystemI::DSPCodecPoolRegister            : register codec pool for pool type 5
[LOG] SystemI::createSoundInternal             : Sample 0/1: name='OUT_ Microfreak Legato Lead-112bpm_20210218_Adventures_WackyMusic-STEMS', format=5, channels=2, frequency=48000, lengthbytes=639520, lengthpcm=2160000, pcmblocksize=0, loopstart=0, loopend=0, mode=0x00000000, channelmask=0x00000000, channelorder=0, peakvolume=0.500593.
[LOG] SystemI::createSoundInternal             : Create name='', mode=0x02000202
[LOG] SystemI::createSoundInternal             : exinfo->cbsize             = 224
[LOG] SystemI::createSoundInternal             : exinfo->length             = 15920640
[LOG] SystemI::createSoundInternal             : exinfo->fileoffset         = 39552
[LOG] SystemI::createSoundInternal             : exinfo->numsubsounds       = 1
[LOG] SystemI::createSoundInternal             : exinfo->inclusionlist      = 0000006F2AA9F318
[LOG] SystemI::createSoundInternal             : exinfo->inclusionlistnum   = 1
[LOG] SystemI::createSoundInternal             : exinfo->suggestedsoundtype = 5
[LOG] SystemI::createSoundInternal             : exinfo->useropen           = 00007FFF98627E30
[LOG] SystemI::createSoundInternal             : exinfo->userclose          = 00007FFF98627E00
[LOG] SystemI::createSoundInternal             : exinfo->userread           = 00007FFF98627F00
[LOG] SystemI::createSoundInternal             : exinfo->userseek           = 00007FFF98627FC0
[LOG] SystemI::createSoundInternal             : exinfo->fileuserdata       = 000001A9FF015F98
[LOG] SystemI::createSoundInternal             : exinfo->initialseekpostype = 1
[LOG] SystemI::DSPCodecPoolRegister            : register codec pool for pool type 5
[LOG] SystemI::createSoundInternal             : Sample 0/1: name='VI-OUT_ 5 - Lead Bkg-112_20210218_Adventures_WackyMusic-STEMS', format=5, channels=2, frequency=48000, lengthbytes=460960, lengthpcm=2160000, pcmblocksize=0, loopstart=0, loopend=0, mode=0x00000000, channelmask=0x00000000, channelorder=0, peakvolume=0.794918.
[LOG] Manager::readBank                        : fileversion = 132, compatVersion = 132 (oldest = 44, newest = 135)
[LOG] SoundI::release                          :  (000001A983BC7D78)
[LOG] SoundI::release                          :     VI-OUT_ 3 - Banjo-112_20210218_Adventures_WackyMusic-STEMS (000001A97590BD78)
[LOG] SoundI::release                          :  (000001A983BC7A98)
[LOG] SoundI::release                          :     Guitar-112bpm_20210218_Adventures_WackyMusic-STEMS (000001A97590B6F8)
[LOG] SoundI::release                          :  (000001A94592BCA8)
[LOG] SoundI::release                          :     OUT_ Microfreak Legato Lead-112bpm_20210218_Adventures_WackyMusic-STEMS (000001A975288568)
[LOG] SoundI::release                          :  (000001A97F57E528)
[LOG] SoundI::release                          :     VI-OUT_ 8 - -112_20210218_Adventures_WackyMusic-STEMS (000001A97590BBD8)
[LOG] SoundI::release                          :  (000001A983BC84A8)
[LOG] SoundI::release                          :     VI-OUT_ 9 - Upright bass-112_20210218_Adventures_WackyMusic-STEMS (000001A9D8AC9418)
[LOG] SoundI::release                          :  (000001A983BC8058)
[LOG] SoundI::release                          :     VI-OUT_ 2 - Bass-112_20210218_Adventures_WackyMusic-STEMS (000001A97590B898)
[LOG] SoundI::release                          :  (000001A983BC8338)
[LOG] SoundI::release                          :     OUT_ Microfreak-112_20210218_Adventures_WackyMusic-STEMS-002 (000001A9D8AC90D8)
[LOG] SoundI::release                          :  (000001A983BC77B8)
[LOG] SoundI::release                          :     Drums-112bpm_20210218_Adventures_WackyMusic-STEMS (000001A97590B3B8)
[LOG] SoundI::release                          :  (000001A983BC7C08)
[LOG] SoundI::release                          :     VI-OUT_ 11 - Drum Dupl-112_20210218_Adventures_WackyMusic-STEMS (000001A97590B078)
[LOG] SoundI::release                          :  (000001A994E6E318)
[LOG] SoundI::release                          :     vo_robot-boo (4) (000001A942004728)
[LOG] SoundI::release                          :  (000001A994E6E488)
[LOG] SoundI::release                          :     vo_robot-boo (3) (000001A942004DA8)
[LOG] SoundI::release                          :  (000001A994E6DBE8)
[LOG] SoundI::release                          :     vo_robot-boo (5) (000001A942003A28)
[LOG] SoundI::release                          :  (000001A994E6DEC8)
[LOG] SoundI::release                          :     vo_robot-boo (6) (000001A942003888)
[LOG] SoundI::release                          :  (000001A994E6DA78)
[LOG] SoundI::release                          :     vo_robot-boo (1) (000001A942005288)
[LOG] SoundI::release                          :  (000001A994E6E768)
[LOG] SoundI::release                          :     vo_robot-boo (2) (000001A942004C08)
[LOG] SoundI::release                          :  (000001A94592BE18)
[LOG] SoundI::release                          :     VI-OUT_ 9 - Upright bass-112_20210218_Adventures_WackyMusic-STEMS - Trimmed (000001A975288228)
[LOG] SoundI::release                          :  (000001A97F57E698)
[LOG] SoundI::release                          :     VI-OUT_ 7 - Horns-112_20210218_Adventures_WackyMusic-STEMS (000001A97590B558)
[LOG] SoundI::release                          :  (000001A94592C6B8)
[LOG] SoundI::release                          :     VI-OUT_ 5 - Lead Bkg-112_20210218_Adventures_WackyMusic-STEMS (000001A975288D88)
[LOG] SoundI::release                          :  (000001A94592C548)
[LOG] SoundI::release                          :     VI-OUT_ 10 - Cuica-112_20210218_Adventures_WackyMusic-STEMS (000001A975288708)
[LOG] SoundI::release                          :  (000001A983BC7928)
[LOG] SoundI::release                          :     VI-OUT_ 4 - Perc-112_20210218_Adventures_WackyMusic-STEMS (000001A975288BE8)
[LOG] SoundI::release                          :  (000001A983BC7EE8)
[LOG] SoundI::release                          :     VI-OUT_ 1 - Drum Set-112_20210218_Adventures_WackyMusic-STEMS (000001A9D8AC95B8)
[LOG] SoundI::release                          :  (000001A94592C0F8)
[LOG] SoundI::release                          :     Bass-112bpm_20210218_Adventures_WackyMusic-STEMS (000001A9752883C8)
[LOG] SoundI::release                          :  (000001A97F57E248)
[LOG] SoundI::release                          :     Bass Only - Long-112_20210218_Adventures_WackyMusic-STEMS - Trimmed (000001A97590B218)
[LOG] SoundI::release                          : vo_jorbadiah-crying (000001AA35D2A118)
[LOG] SoundI::release                          :     vo_jorbadiah-crying (000001AA70440058)
[LOG] SoundI::release                          :     vo_jorbadiah-crying (000001AA35D2C998)
[LOG] SoundI::release                          : Machine Room Loop 5 (000001A969B28988)
[LOG] SoundI::release                          :     Machine Room Loop 5 (000001A97590BA38)
[LOG] SoundI::release                          :     Machine Room Loop 5 (000001A969B282C8)
[LOG] SoundI::release                          : Machine Room Loop 1 (000001A969B28118)
[LOG] SoundI::release                          :     Machine Room Loop 1 (000001A9F79220B8)
[LOG] SoundI::release                          :     Machine Room Loop 1 (000001A969B278A8)
[LOG] SoundI::release                          : Machine Room Loop 3 (000001A969B26B28)
[LOG] SoundI::release                          :     Machine Room Loop 3 (000001A9F7922258)
[LOG] SoundI::release                          :     Machine Room Loop 3 (000001A969B27548)
[LOG] SoundI::release                          :  (000001A983BC81C8)
[LOG] SoundI::release                          :     OUT_ Microfreak-112_20210218_Adventures_WackyMusic-STEMS-001 (000001A9D8AC9278)
[LOG] Thread::callback                         : FMOD Studio update thread finished.
[LOG] Thread::callback                         : FMOD Studio bank load thread finished.
[LOG] ProfileClient::markForDead               : Closing client connection
[LOG] Profile::disconnectAll                   : Profiler disconnecting all clients
[LOG] FMOD_OS_Net_Read                         : Interrupted.[LOG] Thread::callback                         : FMOD profiler thread (send) finished.
[LOG] ProfileClient::recvThreadLoopFunction    : Socket disconnected
[LOG] Thread::callback                         : FMOD profiler thread (recv) finished.
[LOG] Thread::callback                         : FMOD Studio sample load thread finished.
[LOG] LiveUpdate::release                      : 
[LOG] LiveUpdate::reset                        : Reset connection (reason Disconnected)
[LOG] Thread::callback                         : FMOD stream thread finished.
[LOG] Thread::callback                         : FMOD mixer thread finished.
[LOG] Profile::disconnectAll                   : Profiler disconnecting all clients
[LOG] SystemI::close                           : Closed.
[LOG] Manager::readBank                        : fileversion = 132, compatVersion = 132 (oldest = 44, newest = 135)
[LOG] Manager::readBank                        : fileversion = 132, compatVersion = 132 (oldest = 44, newest = 135)
[LOG] Manager::readBank                        : fileversion = 132, compatVersion = 132 (oldest = 44, newest = 135)
[WRN] PluginEffectModel::init                  : Missing DSP plugin 'Resonance Audio Source'
[WRN] PostLoad::initPluginEffects              : Creating stub DSP plugin model and continuing.
[WRN] PluginEffectModel::init                  : Missing DSP plugin 'Resonance Audio Source'
[WRN] PostLoad::initPluginEffects              : Creating stub DSP plugin model and continuing.
[LOG] Manager::readBank                        : fileversion = 132, compatVersion = 132 (oldest = 44, newest = 135)
[WRN] PluginEffectModel::init                  : Missing DSP plugin 'Resonance Audio Source'
[WRN] PostLoad::initPluginEffects              : Creating stub DSP plugin model and continuing.
[WRN] PluginEffectModel::init                  : Missing DSP plugin 'Resonance Audio Source'
[WRN] PostLoad::initPluginEffects              : Creating stub DSP plugin model and continuing.
[WRN] PluginEffectModel::init                  : Missing DSP plugin 'Resonance Audio Source'
[WRN] PostLoad::initPluginEffects              : Creating stub DSP plugin model and continuing.
[WRN] PluginEffectModel::init                  : Missing DSP plugin 'Resonance Audio Source'
[WRN] PostLoad::initPluginEffects              : Creating stub DSP plugin model and continuing.
[WRN] PluginEffectModel::init                  : Missing DSP plugin 'Resonance Audio Source'
[WRN] PostLoad::initPluginEffects              : Creating stub DSP plugin model and continuing.
[WRN] PluginEffectModel::init                  : Missing DSP plugin 'Resonance Audio Source'
[WRN] PostLoad::initPluginEffects              : Creating stub DSP plugin model and continuing.
[WRN] PluginEffectModel::init                  : Missing DSP plugin 'Resonance Audio Source'
[WRN] PostLoad::initPluginEffects              : Creating stub DSP plugin model and continuing.
[WRN] PluginEffectModel::init                  : Missing DSP plugin 'Resonance Audio Source'
[WRN] PostLoad::initPluginEffects              : Creating stub DSP plugin model and continuing.
[WRN] PluginEffectModel::init                  : Missing DSP plugin 'Resonance Audio Source'
[WRN] PostLoad::initPluginEffects              : Creating stub DSP plugin model and continuing.
[WRN] PluginEffectModel::init                  : Missing DSP plugin 'Resonance Audio Source'
[WRN] PostLoad::initPluginEffects              : Creating stub DSP plugin model and continuing.
[WRN] PluginEffectModel::init                  : Missing DSP plugin 'Resonance Audio Source'
[WRN] PostLoad::initPluginEffects              : Creating stub DSP plugin model and continuing.
[WRN] PluginEffectModel::init                  : Missing DSP plugin 'Resonance Audio Source'
[WRN] PostLoad::initPluginEffects              : Creating stub DSP plugin model and continuing.
[WRN] PluginEffectModel::init                  : Missing DSP plugin 'Resonance Audio Source'
[WRN] PostLoad::initPluginEffects              : Creating stub DSP plugin model and continuing.
[WRN] PluginEffectModel::init                  : Missing DSP plugin 'Resonance Audio Source'
[WRN] PostLoad::initPluginEffects              : Creating stub DSP plugin model and continuing.
[WRN] PluginEffectModel::init                  : Missing DSP plugin 'Resonance Audio Source'
[WRN] PostLoad::initPluginEffects              : Creating stub DSP plugin model and continuing.
[WRN] PluginEffectModel::init                  : Missing DSP plugin 'Resonance Audio Source'
[WRN] PostLoad::initPluginEffects              : Creating stub DSP plugin model and continuing.
[WRN] PluginEffectModel::init                  : Missing DSP plugin 'Resonance Audio Source'
[WRN] PostLoad::initPluginEffects              : Creating stub DSP plugin model and continuing.
[WRN] PluginEffectModel::init                  : Missing DSP plugin 'Resonance Audio Source'
[WRN] PostLoad::initPluginEffects              : Creating stub DSP plugin model and continuing.
[WRN] PluginEffectModel::init                  : Missing DSP plugin 'Resonance Audio Source'
[WRN] PostLoad::initPluginEffects              : Creating stub DSP plugin model and continuing.
[WRN] PluginEffectModel::init                  : Missing DSP plugin 'Resonance Audio Source'
[WRN] PostLoad::initPluginEffects              : Creating stub DSP plugin model and continuing.
[WRN] PluginEffectModel::init                  : Missing DSP plugin 'Resonance Audio Source'
[WRN] PostLoad::initPluginEffects              : Creating stub DSP plugin model and continuing.
[WRN] PluginEffectModel::init                  : Missing DSP plugin 'Resonance Audio Source'
[WRN] PostLoad::initPluginEffects              : Creating stub DSP plugin model and continuing.
[WRN] PluginEffectModel::init                  : Missing DSP plugin 'Resonance Audio Source'
[WRN] PostLoad::initPluginEffects              : Creating stub DSP plugin model and continuing.
[WRN] PluginEffectModel::init                  : Missing DSP plugin 'Resonance Audio Source'
[WRN] PostLoad::initPluginEffects              : Creating stub DSP plugin model and continuing.
[WRN] PluginEffectModel::init                  : Missing DSP plugin 'Resonance Audio Source'
[WRN] PostLoad::initPluginEffects              : Creating stub DSP plugin model and continuing.
[WRN] PluginEffectModel::init                  : Missing DSP plugin 'Resonance Audio Source'
[WRN] PostLoad::initPluginEffects              : Creating stub DSP plugin model and continuing.
[WRN] PluginEffectModel::init                  : Missing DSP plugin 'Resonance Audio Source'
[WRN] PostLoad::initPluginEffects              : Creating stub DSP plugin model and continuing.
[WRN] PluginEffectModel::init                  : Missing DSP plugin 'Resonance Audio Source'
[WRN] PostLoad::initPluginEffects              : Creating stub DSP plugin model and continuing.
[WRN] PluginEffectModel::init                  : Missing DSP plugin 'Resonance Audio Source'
[WRN] PostLoad::initPluginEffects              : Creating stub DSP plugin model and continuing.
[WRN] PluginEffectModel::init                  : Missing DSP plugin 'Resonance Audio Source'
[WRN] PostLoad::initPluginEffects              : Creating stub DSP plugin model and continuing.
[WRN] PluginEffectModel::init                  : Missing DSP plugin 'Resonance Audio Source'
[WRN] PostLoad::initPluginEffects              : Creating stub DSP plugin model and continuing.
[WRN] PluginEffectModel::init                  : Missing DSP plugin 'Resonance Audio Source'
[WRN] PostLoad::initPluginEffects              : Creating stub DSP plugin model and continuing.
[WRN] PluginEffectModel::init                  : Missing DSP plugin 'Resonance Audio Source'
[WRN] PostLoad::initPluginEffects              : Creating stub DSP plugin model and continuing.
[WRN] PluginEffectModel::init                  : Missing DSP plugin 'Resonance Audio Source'
[WRN] PostLoad::initPluginEffects              : Creating stub DSP plugin model and continuing.
[LOG] Manager::readBank                        : fileversion = 132, compatVersion = 132 (oldest = 44, newest = 135)
[WRN] PluginEffectModel::init                  : Missing DSP plugin 'Resonance Audio Source'
[WRN] PostLoad::initPluginEffects              : Creating stub DSP plugin model and continuing.
[WRN] PluginEffectModel::init                  : Missing DSP plugin 'Resonance Audio Listener'
[WRN] PostLoad::initPluginEffects              : Creating stub DSP plugin model and continuing.
[WRN] PluginEffectModel::init                  : Missing DSP plugin 'Resonance Audio Listener'
[WRN] PostLoad::initPluginEffects              : Creating stub DSP plugin model and continuing.
[WRN] EffectInstanceFactory::create            : Creating stub DSP for plugin 'Resonance Audio Listener'
[WRN] EffectInstanceFactory::create            : Creating stub DSP for plugin 'Resonance Audio Listener'
[LOG] PlaybackSystem::acquireMasterBus         : Setting master channel group format to 6
[LOG] Manager::readBank                        : fileversion = 132, compatVersion = 132 (oldest = 44, newest = 135)
[WRN] PluginEffectModel::init                  : Missing DSP plugin 'Resonance Audio Source'
[WRN] PostLoad::initPluginEffects              : Creating stub DSP plugin model and continuing.
[WRN] PluginEffectModel::init                  : Missing DSP plugin 'Resonance Audio Source'
[WRN] PostLoad::initPluginEffects              : Creating stub DSP plugin model and continuing.
[WRN] PluginEffectModel::init                  : Missing DSP plugin 'Resonance Audio Source'
[WRN] PostLoad::initPluginEffects              : Creating stub DSP plugin model and continuing.
[WRN] PluginEffectModel::init                  : Missing DSP plugin 'Resonance Audio Source'
[WRN] PostLoad::initPluginEffects              : Creating stub DSP plugin model and continuing.
[WRN] PluginEffectModel::init                  : Missing DSP plugin 'Resonance Audio Source'
[WRN] PostLoad::initPluginEffects              : Creating stub DSP plugin model and continuing.
[WRN] PluginEffectModel::init                  : Missing DSP plugin 'Resonance Audio Source'
[WRN] PostLoad::initPluginEffects              : Creating stub DSP plugin model and continuing.
[WRN] PluginEffectModel::init                  : Missing DSP plugin 'Resonance Audio Source'
[WRN] PostLoad::initPluginEffects              : Creating stub DSP plugin model and continuing.
[LOG] Manager::readBank                        : fileversion = 132, compatVersion = 132 (oldest = 44, newest = 135)
[WRN] PluginEffectModel::init                  : Missing DSP plugin 'Resonance Audio Source'
[WRN] PostLoad::initPluginEffects              : Creating stub DSP plugin model and continuing.
[WRN] PluginEffectModel::init                  : Missing DSP plugin 'Resonance Audio Source'
[WRN] PostLoad::initPluginEffects              : Creating stub DSP plugin model and continuing.
[WRN] PluginEffectModel::init                  : Missing DSP plugin 'Resonance Audio Source'
[WRN] PostLoad::initPluginEffects              : Creating stub DSP plugin model and continuing.
[WRN] PluginEffectModel::init                  : Missing DSP plugin 'Resonance Audio Source'
[WRN] PostLoad::initPluginEffects              : Creating stub DSP plugin model and continuing.
[WRN] PluginEffectModel::init                  : Missing DSP plugin 'Resonance Audio Source'
[WRN] PostLoad::initPluginEffects              : Creating stub DSP plugin model and continuing.
[WRN] PluginEffectModel::init                  : Missing DSP plugin 'Resonance Audio Source'
[WRN] PostLoad::initPluginEffects              : Creating stub DSP plugin model and continuing.
[WRN] PluginEffectModel::init                  : Missing DSP plugin 'Resonance Audio Source'
[WRN] PostLoad::initPluginEffects              : Creating stub DSP plugin model and continuing.
[WRN] PluginEffectModel::init                  : Missing DSP plugin 'Resonance Audio Source'
[WRN] PostLoad::initPluginEffects              : Creating stub DSP plugin model and continuing.
[WRN] PluginEffectModel::init                  : Missing DSP plugin 'Resonance Audio Source'
[WRN] PostLoad::initPluginEffects              : Creating stub DSP plugin model and continuing.
[WRN] PluginEffectModel::init                  : Missing DSP plugin 'Resonance Audio Source'
[WRN] PostLoad::initPluginEffects              : Creating stub DSP plugin model and continuing.
[WRN] PluginEffectModel::init                  : Missing DSP plugin 'Resonance Audio Source'
[WRN] PostLoad::initPluginEffects              : Creating stub DSP plugin model and continuing.
[LOG] Thread::callback                         : FMOD Studio bank load thread finished.
[LOG] Thread::callback                         : FMOD Studio sample load thread finished.
[LOG] LiveUpdate::release                      : 
[LOG] LiveUpdate::reset                        : Reset connection (reason Disconnected)
[LOG] Thread::callback                         : FMOD stream thread finished.
[LOG] Thread::callback                         : FMOD mixer thread finished.
[LOG] SystemI::close                           : Closed.
[LOG] Thread::callback                         : FMOD nonblocking thread (0) finished.
[LOG] Thread::callback                         : FMOD file thread finished.
